<?xml version="1.0" encoding="UTF-8"?>
<beans xmlns="https://www.springframework.org/schema/beans"
	   xmlns:xsi="https://www.w3.org/2001/XMLSchema-instance"
       xmlns:context="https://www.springframework.org/schema/context"
	   xsi:schemaLocation="
		                   https://www.springframework.org/schema/beans
		                   https://www.springframework.org/schema/beans/spring-beans-3.0.xsd
                           https://www.springframework.org/schema/context
                           https://www.springframework.org/schema/context/spring-context-3.0.xsd">

	<context:annotation-config />

	<import resource="classpath:managers-import.xml" />
	<import resource="classpath:managers-topic-publisher-import.xml" />
	<import resource="classpath:jdomodels-import.xml" />
	<import resource="classpath:audit-dao.spb.xml" />
	<import resource="classpath:id-generator.spb.xml" />
	<import resource="classpath:table-cluster-spb.xml" />

	<!-- We don't want to send emails during testing, so we stub out Amazon SES -->
	<bean id="amazonSESClient" class="org.sagebionetworks.repo.manager.StubAmazonSimpleEmailServiceClient" />	
	
	<bean id="jiraClient" class="org.sagebionetworks.repo.manager.TestJiraClient" />
</beans>
