<?xml version="1.0" encoding="UTF-8"?>
<beans xmlns="http://www.springframework.org/schema/beans"
	   xmlns:xsi="http://www.w3.org/2001/XMLSchema-instance"
       xmlns:context="http://www.springframework.org/schema/context"
	   xsi:schemaLocation="
		                   http://www.springframework.org/schema/beans
		                   http://www.springframework.org/schema/beans/spring-beans-3.0.xsd
                           http://www.springframework.org/schema/context
                           http://www.springframework.org/schema/context/spring-context-3.0.xsd">

	<context:annotation-config />

	<import resource="classpath:test-context-base.xml" />
	<import resource="classpath:managers-topic-publisher-triggers-import.xml" />

	<!-- This is a shared scheduler-->
	<bean id="stackConfigurationReloadScheduler" class="org.springframework.scheduling.quartz.SchedulerFactoryBean">
		<property name="quartzProperties">
			<props>
				<prop key="org.quartz.threadPool.threadCount">1</prop>
			</props>
		</property>
		<property name="triggers">
			<list>
				<ref bean="messagePublisherTrigger" />
			</list>
		</property>
	</bean>
</beans>
