<?xml version="1.0" encoding="UTF-8"?>
<beans xmlns="https://www.springframework.org/schema/beans"
	xmlns:xsi="https://www.w3.org/2001/XMLSchema-instance" xmlns:context="https://www.springframework.org/schema/context"
	xmlns:util="https://www.springframework.org/schema/util"
	xsi:schemaLocation="
		                   https://www.springframework.org/schema/beans
		                   https://www.springframework.org/schema/beans/spring-beans-3.0.xsd
                           https://www.springframework.org/schema/context
                           https://www.springframework.org/schema/context/spring-context-3.0.xsd
                           https://www.springframework.org/schema/util https://www.springframework.org/schema/util/spring-util-3.0.xsd">

	<context:annotation-config />

	<import resource="classpath:test-context-base.xml" />

	<!-- We do not want to publish to the repository change topic while running 
		tests so we turn it off -->
	<bean id="stackConfiguration.shouldMessagesBePublishedToTopic"
		class="java.lang.Boolean">
		<constructor-arg value="false" />
	</bean>

	<!-- We don't want to send emails during testing, so we stub out Amazon 
		SES -->
	<bean id="amazonSESClient"
		class="org.sagebionetworks.repo.manager.StubAmazonSimpleEmailServiceClient" />

	<bean id="jiraClient" class="org.sagebionetworks.repo.manager.TestJiraClient" />
	
	<!-- A transaction template that can be used for test. -->
	<bean id="testTransactionTemplate"
		class="org.springframework.transaction.support.TransactionTemplate">
		<constructor-arg index="0" ref="txManager" />
		<constructor-arg index="1">
			<bean
				class="org.springframework.transaction.support.DefaultTransactionDefinition">
				<property name="isolationLevel">
					<util:constant static-field="java.sql.Connection.TRANSACTION_READ_COMMITTED" />
				</property>
				<property name="readOnly" value="false" />
				<property name="propagationBehavior">
					<util:constant static-field="org.springframework.transaction.TransactionDefinition.PROPAGATION_REQUIRED"/>
				</property>
				<property name="name" value="testTransactionTemplate"/>
			</bean>
		</constructor-arg>
	</bean>
</beans>
