<?xml version="1.0" encoding="UTF-8"?>
<beans xmlns="http://www.springframework.org/schema/beans"
	xmlns:xsi="http://www.w3.org/2001/XMLSchema-instance" 
	xmlns:context="http://www.springframework.org/schema/context"
	xmlns:util="http://www.springframework.org/schema/util"
	xsi:schemaLocation="
		http://www.springframework.org/schema/beans http://www.springframework.org/schema/beans/spring-beans.xsd
		http://www.springframework.org/schema/context http://www.springframework.org/schema/context/spring-context.xsd
		http://www.springframework.org/schema/util http://www.springframework.org/schema/util/spring-util.xsd">

	<context:annotation-config />

	<import resource="classpath:main-scheduler-spb.xml" />

	<bean id="queueCleaner"
		class="org.sagebionetworks.workers.util.aws.message.QueueCleaner">
		<constructor-arg ref="awsSQSClient" />
	</bean>

	<!-- We don't want to send emails during testing, so we stub out Amazon SES -->
	<bean id="amazonSESClient" class="org.sagebionetworks.repo.manager.StubAmazonSimpleEmailServiceClient" />
	
	<bean id="asynchronousJobWorkerHelper" class="org.sagebionetworks.AsynchronousJobWorkerHelperImpl"/>
	
	<!--  During integration tests we do not want to scan partitions -->
	<bean id="athenaPartitionScannerWorker" class="org.sagebionetworks.athena.workers.AthenaPartitionScannerWorkerStub" />
	
	<!-- During the integration tests we do not want to run the status watcher worker -->
	<bean id="statisticsMonthlyStatusWatcherWorker" class="org.sagebionetworks.statistics.workers.StatisticsMonthlyStatusWatcherWorkerStub"></bean>

	<!-- Profile with a subset of workers for views (Use with @ActiveProfiles("test-view-workers") -->
	<beans profile="test-view-workers">
		<util:list id="workerTriggersList">
			<ref bean="tableTransactionMessageTrigger" />
			<ref bean="tableQueryQueueMessageReveiverTrigger" />
			<ref bean="tableQueryNextPageQueueMessageReveiverTrigger" />
			<!-- workers publish messages too -->
			<ref bean="messagePublisherTrigger" />
			<ref bean="tableViewWorkerTrigger" />
			<ref bean="objectReplicationWorkerTrigger" />
			<ref bean="objectReplicationReconciliationWorkerTrigger" />
		</util:list>
	</beans>
</beans>
