<?xml version="1.0" encoding="UTF-8"?>
<beans xmlns="http://www.springframework.org/schema/beans"
	xmlns:xsi="http://www.w3.org/2001/XMLSchema-instance" xmlns:aop="http://www.springframework.org/schema/aop"
	xmlns:tx="http://www.springframework.org/schema/tx" xmlns:util="http://www.springframework.org/schema/util"
	xsi:schemaLocation="
       http://www.springframework.org/schema/beans http://www.springframework.org/schema/beans/spring-beans-3.0.xsd
       http://www.springframework.org/schema/tx http://www.springframework.org/schema/tx/spring-tx-3.0.xsd
       http://www.springframework.org/schema/aop http://www.springframework.org/schema/aop/spring-aop-3.0.xsd
       http://www.springframework.org/schema/util http://www.springframework.org/schema/util/spring-util.xsd">

	<!-- Turn on Spring's autoproxy using AspectJ's @Aspect annotations. -->
	<aop:aspectj-autoproxy />

	<!-- initializer for creating the search queue -->
	<bean id="testInitializerRunner"
		class="org.sagebionetworks.repo.init.DelayedInitializer" scope="singleton">
		<property name="targetMethod" value="postInitialize" />
		<property name="targetClass" value="org.sagebionetworks.repo.init.DelayedInitializerAutowireTest" />
		<property name="semaphore">
			<bean name="testInitializerGate" class="org.sagebionetworks.repo.init.DelayedInitializerAutowireTest.StubCountingSemaphoreDaoImpl"/>
		</property>
	</bean>

	<bean id="testInitializerTrigger" class="org.springframework.scheduling.quartz.SimpleTriggerBean"
		scope="singleton">
		<property name="jobDetail">
			<bean
				class="org.springframework.scheduling.quartz.MethodInvokingJobDetailFactoryBean">
				<property name="targetObject" ref="testInitializerRunner" />
				<property name="targetMethod" value="postInitialize" />
				<property name="concurrent" value="false" />
			</bean>
		</property>
		<property name="startDelay" value="10" />
		<property name="repeatInterval" value="50" />
	</bean>

	<bean id="testInitializerScheduler"
			class="org.springframework.scheduling.quartz.SchedulerFactoryBean"
			scope="singleton">
		<property name="triggers">
			<list>
				<ref bean="testInitializerTrigger" />
			</list>
		</property>
	</bean>

</beans>
